[90m10:28AM[0m [32mINF[0m [1m🐶 K9s starting up...[0m
[90m10:28AM[0m [31mERR[0m [1mFail to locate metrics-server[0m [36merror=[0m[31m[1m"No metrics api group metrics.k8s.io found on cluster"[0m[0m
[90m10:28AM[0m [32mINF[0m [1m✅ Kubernetes connectivity[0m
[90m10:29AM[0m [32mINF[0m [1m🐶 K9s starting up...[0m
[90m10:29AM[0m [31mERR[0m [1mFail to locate metrics-server[0m [36merror=[0m[31m[1m"No metrics api group metrics.k8s.io found on cluster"[0m[0m
[90m10:29AM[0m [32mINF[0m [1m✅ Kubernetes connectivity[0m
[90m10:29AM[0m [32mINF[0m [1m🐶 K9s starting up...[0m
[90m10:29AM[0m [31mERR[0m [1mFail to locate metrics-server[0m [36merror=[0m[31m[1m"No metrics api group metrics.k8s.io found on cluster"[0m[0m
[90m10:29AM[0m [32mINF[0m [1m✅ Kubernetes connectivity[0m
[90m10:30AM[0m [32mINF[0m [1m🐶 K9s starting up...[0m
[90m10:30AM[0m [31mERR[0m [1mFail to locate metrics-server[0m [36merror=[0m[31m[1m"No metrics api group metrics.k8s.io found on cluster"[0m[0m
[90m10:30AM[0m [32mINF[0m [1m✅ Kubernetes connectivity[0m
[90m10:30AM[0m [32mINF[0m [1m🐶 K9s starting up...[0m
[90m10:30AM[0m [31mERR[0m [1mFail to locate metrics-server[0m [36merror=[0m[31m[1m"No metrics api group metrics.k8s.io found on cluster"[0m[0m
[90m10:30AM[0m [32mINF[0m [1m✅ Kubernetes connectivity[0m
[90m10:34AM[0m [32mINF[0m [1m🐶 K9s starting up...[0m
[90m10:34AM[0m [31mERR[0m [1mFail to locate metrics-server[0m [36merror=[0m[31m[1m"No metrics api group metrics.k8s.io found on cluster"[0m[0m
[90m10:34AM[0m [32mINF[0m [1m✅ Kubernetes connectivity[0m
[90m11:23AM[0m [32mINF[0m [1m🐶 K9s starting up...[0m
[90m11:23AM[0m [31mERR[0m [1mFail to locate metrics-server[0m [36merror=[0m[31m[1m"No metrics api group metrics.k8s.io found on cluster"[0m[0m
[90m11:23AM[0m [32mINF[0m [1m✅ Kubernetes connectivity[0m
[90m11:23AM[0m [33mWRN[0m [1mlog-reader EOF[0m [36merror=[0m[31m[1m"Stream closed EOF for default/gateway-7bdf6c4fdd-7gjmc (gateway)"[0m[0m
[90m11:38AM[0m [32mINF[0m [1m🐶 K9s starting up...[0m
[90m11:38AM[0m [31mERR[0m [1mFail to locate metrics-server[0m [36merror=[0m[31m[1m"No metrics api group metrics.k8s.io found on cluster"[0m[0m
[90m11:38AM[0m [32mINF[0m [1m✅ Kubernetes connectivity[0m
[90m3:47PM[0m [32mINF[0m [1m🐶 K9s starting up...[0m
[90m3:47PM[0m [31mERR[0m [1mFail to locate metrics-server[0m [36merror=[0m[31m[1m"No metrics api group metrics.k8s.io found on cluster"[0m[0m
[90m3:47PM[0m [32mINF[0m [1m✅ Kubernetes connectivity[0m
[90m3:48PM[0m [33mWRN[0m [1mlog-reader canceled[0m [36merror=[0m[31m[1m"Stream canceled context canceled for default/gateway-7bdf6c4fdd-frkns (gateway)"[0m[0m
[90m3:48PM[0m [33mWRN[0m [1mlog-reader canceled[0m [36merror=[0m[31m[1m"Stream canceled context canceled for default/gateway-7bdf6c4fdd-h857t (gateway)"[0m[0m
[90m3:58PM[0m [32mINF[0m [1m🐶 K9s starting up...[0m
[90m3:58PM[0m [31mERR[0m [1mFail to locate metrics-server[0m [36merror=[0m[31m[1m"No metrics api group metrics.k8s.io found on cluster"[0m[0m
[90m3:58PM[0m [32mINF[0m [1m✅ Kubernetes connectivity[0m
[90m3:58PM[0m [33mWRN[0m [1mlog-reader canceled[0m [36merror=[0m[31m[1m"Stream canceled context canceled for default/gateway-7bdf6c4fdd-k7hg4 (gateway)"[0m[0m
[90m3:58PM[0m [32mINF[0m [1m🐶 K9s starting up...[0m
[90m3:58PM[0m [31mERR[0m [1mFail to locate metrics-server[0m [36merror=[0m[31m[1m"No metrics api group metrics.k8s.io found on cluster"[0m[0m
[90m3:58PM[0m [32mINF[0m [1m✅ Kubernetes connectivity[0m
[90m3:58PM[0m [33mWRN[0m [1mlog-reader canceled[0m [36merror=[0m[31m[1m"Stream canceled context canceled for default/gateway-7bdf6c4fdd-8swlg (gateway)"[0m[0m
[90m3:59PM[0m [33mWRN[0m [1mlog-reader canceled[0m [36merror=[0m[31m[1m"Stream canceled context canceled for default/gateway-7bdf6c4fdd-k7hg4 (gateway)"[0m[0m
[90m3:59PM[0m [33mWRN[0m [1mlog-reader canceled[0m [36merror=[0m[31m[1m"Stream canceled context canceled for default/auth-5658cd5b57-w47tn (auth)"[0m[0m
[90m3:59PM[0m [33mWRN[0m [1mlog-reader canceled[0m [36merror=[0m[31m[1m"Stream canceled context canceled for default/auth-5658cd5b57-5bjgn (auth)"[0m[0m
[90m3:59PM[0m [32mINF[0m [1m🐶 K9s starting up...[0m
[90m3:59PM[0m [31mERR[0m [1mFail to locate metrics-server[0m [36merror=[0m[31m[1m"No metrics api group metrics.k8s.io found on cluster"[0m[0m
[90m3:59PM[0m [32mINF[0m [1m✅ Kubernetes connectivity[0m
