[90m2:20PM[0m [32mINF[0m [1m🐶 K9s starting up...[0m
[90m2:20PM[0m [31mERR[0m [1mFail to locate metrics-server[0m [36merror=[0m[31m[1m"No metrics api group metrics.k8s.io found on cluster"[0m[0m
[90m2:20PM[0m [32mINF[0m [1m✅ Kubernetes connectivity[0m
[90m2:21PM[0m [31mERR[0m [1mno port-forward defined[0m
[90m2:22PM[0m [32mINF[0m [1m🐶 K9s starting up...[0m
[90m2:22PM[0m [31mERR[0m [1mFail to locate metrics-server[0m [36merror=[0m[31m[1m"No metrics api group metrics.k8s.io found on cluster"[0m[0m
[90m2:22PM[0m [32mINF[0m [1m✅ Kubernetes connectivity[0m
[90m2:25PM[0m [32mINF[0m [1m🐶 K9s starting up...[0m
[90m2:25PM[0m [31mERR[0m [1mFail to locate metrics-server[0m [36merror=[0m[31m[1m"No metrics api group metrics.k8s.io found on cluster"[0m[0m
[90m2:25PM[0m [32mINF[0m [1m✅ Kubernetes connectivity[0m
[90m11:11AM[0m [32mINF[0m [1m🐶 K9s starting up...[0m
[90m11:11AM[0m [31mERR[0m [1mFail to locate metrics-server[0m [36merror=[0m[31m[1m"No metrics api group metrics.k8s.io found on cluster"[0m[0m
[90m11:11AM[0m [32mINF[0m [1m✅ Kubernetes connectivity[0m
[90m11:11AM[0m [31mERR[0m [1mlogs-stream[0m [36merror=[0m[31m[1m"stream logs failed container \"mynginx\" in pod \"mynginx\" is waiting to start: trying and failing to pull image for default/mynginx (mynginx)"[0m[0m
[90m11:11AM[0m [31mERR[0m [1mlogs-stream[0m [36merror=[0m[31m[1m"stream logs failed container \"mynginx\" in pod \"mynginx\" is waiting to start: trying and failing to pull image for default/mynginx (mynginx)"[0m[0m
[90m11:11AM[0m [31mERR[0m [1mlogs-stream[0m [36merror=[0m[31m[1m"stream logs failed container \"mynginx\" in pod \"mynginx\" is waiting to start: trying and failing to pull image for default/mynginx (mynginx)"[0m[0m
[90m11:11AM[0m [31mERR[0m [1mlogs-stream[0m [36merror=[0m[31m[1m"stream logs failed container \"mynginx\" in pod \"mynginx\" is waiting to start: trying and failing to pull image for default/mynginx (mynginx)"[0m[0m
[90m11:11AM[0m [31mERR[0m [1mlogs-stream[0m [36merror=[0m[31m[1m"stream logs failed client rate limiter Wait returned an error: context canceled for default/mynginx (mynginx)"[0m[0m
[90m9:45PM[0m [32mINF[0m [1m🐶 K9s starting up...[0m
[90m9:45PM[0m [31mERR[0m [1mFail to locate metrics-server[0m [36merror=[0m[31m[1m"No metrics api group metrics.k8s.io found on cluster"[0m[0m
[90m9:45PM[0m [32mINF[0m [1m✅ Kubernetes connectivity[0m
